Start testing: Apr 05 00:41 CST
----------------------------------------------------------
1/5 Testing: test_run
1/5 Test: test_run
Command: "/Users/liuzhen/Desktop/CODE/cmake/Case5_install_test/Demo" "5" "2"
Directory: /Users/liuzhen/Desktop/CODE/cmake/Case5_install_test
"test_run" start time: Apr 05 00:41 CST
Output:
----------------------------------------------------------
Now we use our own Math library. 
5 ^ 2 is 25
<end of output>
Test time =   0.46 sec
----------------------------------------------------------
Test Passed.
"test_run" end time: Apr 05 00:41 CST
"test_run" time elapsed: 00:00:00
----------------------------------------------------------

2/5 Testing: test_usage
2/5 Test: test_usage
Command: "/Users/liuzhen/Desktop/CODE/cmake/Case5_install_test/Demo"
Directory: /Users/liuzhen/Desktop/CODE/cmake/Case5_install_test
"test_usage" start time: Apr 05 00:41 CST
Output:
----------------------------------------------------------
Usage: /Users/liuzhen/Desktop/CODE/cmake/Case5_install_test/Demo base exponent 
<end of output>
Test time =   0.00 sec
----------------------------------------------------------
Test Pass Reason:
Required regular expression found. Regex=[Usage: .* base exponent]
"test_usage" end time: Apr 05 00:41 CST
"test_usage" time elapsed: 00:00:00
----------------------------------------------------------

3/5 Testing: test_5_2
3/5 Test: test_5_2
Command: "/Users/liuzhen/Desktop/CODE/cmake/Case5_install_test/Demo" "5" "2"
Directory: /Users/liuzhen/Desktop/CODE/cmake/Case5_install_test
"test_5_2" start time: Apr 05 00:41 CST
Output:
----------------------------------------------------------
Now we use our own Math library. 
5 ^ 2 is 25
<end of output>
Test time =   0.00 sec
----------------------------------------------------------
Test Pass Reason:
Required regular expression found. Regex=[is 25]
"test_5_2" end time: Apr 05 00:41 CST
"test_5_2" time elapsed: 00:00:00
----------------------------------------------------------

4/5 Testing: test_10_5
4/5 Test: test_10_5
Command: "/Users/liuzhen/Desktop/CODE/cmake/Case5_install_test/Demo" "10" "5"
Directory: /Users/liuzhen/Desktop/CODE/cmake/Case5_install_test
"test_10_5" start time: Apr 05 00:41 CST
Output:
----------------------------------------------------------
Now we use our own Math library. 
10 ^ 5 is 100000
<end of output>
Test time =   0.00 sec
----------------------------------------------------------
Test Pass Reason:
Required regular expression found. Regex=[is 100000]
"test_10_5" end time: Apr 05 00:41 CST
"test_10_5" time elapsed: 00:00:00
----------------------------------------------------------

5/5 Testing: test_2_10
5/5 Test: test_2_10
Command: "/Users/liuzhen/Desktop/CODE/cmake/Case5_install_test/Demo" "2" "10"
Directory: /Users/liuzhen/Desktop/CODE/cmake/Case5_install_test
"test_2_10" start time: Apr 05 00:41 CST
Output:
----------------------------------------------------------
Now we use our own Math library. 
2 ^ 10 is 1024
<end of output>
Test time =   0.00 sec
----------------------------------------------------------
Test Pass Reason:
Required regular expression found. Regex=[is 1024]
"test_2_10" end time: Apr 05 00:41 CST
"test_2_10" time elapsed: 00:00:00
----------------------------------------------------------

End testing: Apr 05 00:41 CST
